0 info it worked if it ends with ok
1 verbose cli [ 'C:\\Program Files\\nodejs\\node.exe',
1 verbose cli   'C:\\Users\\skine_000\\AppData\\Roaming\\npm\\node_modules\\npm\\bin\\npm-cli.js',
1 verbose cli   'run',
1 verbose cli   'build-dev-win' ]
2 info using npm@2.14.22
3 info using node@v5.7.1
4 verbose stack Error: missing script: build-dev-win
4 verbose stack     at run (C:\Users\skine_000\AppData\Roaming\npm\node_modules\npm\lib\run-script.js:142:19)
4 verbose stack     at C:\Users\skine_000\AppData\Roaming\npm\node_modules\npm\lib\run-script.js:58:5
4 verbose stack     at C:\Users\skine_000\AppData\Roaming\npm\node_modules\npm\node_modules\read-package-json\read-json.js:345:5
4 verbose stack     at checkBinReferences_ (C:\Users\skine_000\AppData\Roaming\npm\node_modules\npm\node_modules\read-package-json\read-json.js:309:45)
4 verbose stack     at final (C:\Users\skine_000\AppData\Roaming\npm\node_modules\npm\node_modules\read-package-json\read-json.js:343:3)
4 verbose stack     at then (C:\Users\skine_000\AppData\Roaming\npm\node_modules\npm\node_modules\read-package-json\read-json.js:113:5)
4 verbose stack     at C:\Users\skine_000\AppData\Roaming\npm\node_modules\npm\node_modules\read-package-json\read-json.js:232:12
4 verbose stack     at C:\Users\skine_000\AppData\Roaming\npm\node_modules\npm\node_modules\graceful-fs\graceful-fs.js:78:16
4 verbose stack     at tryToString (fs.js:414:3)
4 verbose stack     at FSReqWrap.readFileAfterClose [as oncomplete] (fs.js:401:12)
5 verbose cwd D:\react-challenge-sort-and-search
6 error Windows_NT 6.3.9600
7 error argv "C:\\Program Files\\nodejs\\node.exe" "C:\\Users\\skine_000\\AppData\\Roaming\\npm\\node_modules\\npm\\bin\\npm-cli.js" "run" "build-dev-win"
8 error node v5.7.1
9 error npm  v2.14.22
10 error missing script: build-dev-win
11 error If you need help, you may report this error at:
11 error     <https://github.com/npm/npm/issues>
12 verbose exit [ 1, true ]
